[06-Sep-2011 10:42:21] PHP Fatal error:  Uncaught exception 'InvalidArgumentException' with message 'Component with name 'vp' does not exist.' in /Users/martin/Web/library/root/libs/Nette/ComponentModel/ComponentContainer.php:160
Stack trace:
#0 /Users/martin/Web/library/root/libs/Nette/Application/Control.php(115): NComponentContainer->getComponent('vp')
#1 /Users/martin/Web/library/root/temp/c-Nette.Template/_cff2b1b8c945948d05afd59c44c022cf.head.phtml.php(9): NControl->getWidget('vp')
#2 /Users/martin/Web/library/root/libs/Nette/Loaders/LimitedScope.php(63): include('/Users/martin/W...')
#3 /Users/martin/Web/library/root/libs/Nette/Templates/Template.php(123): NLimitedScope::load('/Users/martin/W...', Array)
#4 /Users/martin/Web/library/root/app/components/Tables/TableBase/StructureRendererTable/StructureRendererTable.php(113): NTemplate->render()
#5 /Users/martin/Web/library/root/temp/c-Nette.Template/_b3d54d26d5c7754ea94f6620764e0463.table.phtml.php(10): StructureRendererTable->renderHead()
#6 /Users/martin/Web/library/root/libs/Nette/Loaders/LimitedScope.php(63): include('/Users/martin/W...')
#7 /Users/martin/Web/library/root/libs/Nette/Templates/Template.php(123): NLimitedScope::load('/Users/martin/W...', Array)
#8 /Users/martin/Web/library/root/app/components/Tables/TableBase/TableBase.php(51): NTemplate->render()
#9 /Users/martin/Web/library/root/temp/c-Nette.Template/_a45b04a2991e2dd3cc789fa1285f5372.default.phtml.php(16): TableBase->render()
#10 /Users/martin/Web/library/root/libs/Nette/Templates/Filters/LatteMacros.php(799): _cbb2af5a8f63f_left(Array)
#11 /Users/martin/Web/library/root/temp/c-Nette.Template/_7941340103c9c7ba60d2798752ffd43b.%40doublepanel.phtml.php(17): NLatteMacros::callBlock(Array, 'left', Array)
#12 /Users/martin/Web/library/root/libs/Nette/Templates/Filters/LatteMacros.php(799): _cbba002208ae2_content(Array)
#13 /Users/martin/Web/library/root/temp/c-Nette.Template/_b3ed22462392fc20876823a2d3050b9c.%40layout.phtml.php(39): NLatteMacros::callBlock(Array, 'content', Array)
#14 /Users/martin/Web/library/root/libs/Nette/Loaders/LimitedScope.php(63): include('/Users/martin/W...')
#15 /Users/martin/Web/library/root/libs/Nette/Templates/Template.php(123): NLimitedScope::load('/Users/martin/W...', Array)
#16 /Users/martin/Web/library/root/temp/c-Nette.Template/_7941340103c9c7ba60d2798752ffd43b.%40doublepanel.phtml.php(41): NTemplate->render()
#17 /Users/martin/Web/library/root/libs/Nette/Loaders/LimitedScope.php(63): include('/Users/martin/W...')
#18 /Users/martin/Web/library/root/libs/Nette/Templates/Template.php(123): NLimitedScope::load('/Users/martin/W...', Array)
#19 /Users/martin/Web/library/root/temp/c-Nette.Template/_a45b04a2991e2dd3cc789fa1285f5372.default.phtml.php(44): NTemplate->render()
#20 /Users/martin/Web/library/root/libs/Nette/Loaders/LimitedScope.php(63): include('/Users/martin/W...')
#21 /Users/martin/Web/library/root/libs/Nette/Templates/Template.php(123): NLimitedScope::load('/Users/martin/W...', Array)
#22 /Users/martin/Web/library/root/libs/Nette/Application/Responses/RenderResponse.php(54): NTemplate->render()
#23 /Users/martin/Web/library/root/libs/Nette/Application/Application.php(152): NRenderResponse->send()
#24 /Users/martin/Web/library/root/app/bootstrap.php(133): NApplication->run()
#25 /Users/martin/Web/library/root/www/index.php(31): require('/Users/martin/W...')
#26 {main}
